<?xml version="1.0" encoding="UTF-8"?>
<testsuite xmlns:xsi="http://www.w3.org/2001/XMLSchema-instance" xsi:noNamespaceSchemaLocation="https://maven.apache.org/surefire/maven-surefire-plugin/xsd/surefire-test-report.xsd" version="3.0.2" name="com.example.Codepipelinepipe.CodepipelinepipeApplicationTests" time="9.443" tests="1" errors="0" skipped="0" failures="0">
  <properties>
[...]
</properties>
  <testcase name="contextLoads" classname="com.example.Codepipelinepipe.CodepipelinepipeApplicationTests" time="2.462">
    <system-out><![CDATA[11:49:55.821 [main] INFO org.springframework.test.context.support.AnnotationConfigContextLoaderUtils -- Could not detect default configuration classes for test class [com.example.Codepipelinepipe.CodepipelinepipeApplicationTests]: CodepipelinepipeApplicationTests does not declare any static, non-private, non-final, nested classes annotated with @Configuration.
11:49:56.282 [main] INFO org.springframework.boot.test.context.SpringBootTestContextBootstrapper -- Found @SpringBootConfiguration com.example.Codepipelinepipe.CodepipelinepipeApplication for test class com.example.Codepipelinepipe.CodepipelinepipeApplicationTests

  .   ____          _            __ _ _
 /\\ / ___'_ __ _ _(_)_ __  __ _ \ \ \ \
( ( )\___ | '_ | '_| | '_ \/ _` | \ \ \ \
 \\/  ___)| |_)| | | | | || (_| |  ) ) ) )
  '  |____| .__|_| |_|_| |_\__, | / / / /
 =========|_|==============|___/=/_/_/_/

 :: Spring Boot ::                (v3.5.3)

2025-06-22T11:49:58.159+05:30  INFO 27304 --- [Codepipelinepipe] [           main] c.e.C.CodepipelinepipeApplicationTests   : Starting CodepipelinepipeApplicationTests using Java 17.0.9 with PID 27304 (started by V.RAGHAVENDRA in C:\Users\V.RAGHAVENDRA\Downloads\Codepipelinepipe\Codepipelinepipe)
2025-06-22T11:49:58.163+05:30  INFO 27304 --- [Codepipelinepipe] [           main] c.e.C.CodepipelinepipeApplicationTests   : No active profile set, falling back to 1 default profile: "default"
2025-06-22T11:50:02.113+05:30  INFO 27304 --- [Codepipelinepipe] [           main] c.e.C.CodepipelinepipeApplicationTests   : Started CodepipelinepipeApplicationTests in 5.153 seconds (process running for 9.672)
]]></system-out>
  </testcase>
</testsuite>